[2017-12-04 09:41:49.461] [INFO] console - Server started on http://localhost:3001!
[2017-12-04 09:44:45.071] [WARN] console - [31mUnhandled rejection SequelizeAccessDeniedError: Access denied for user 'root'@'localhost' (using password: NO)
    at Utils.Promise.tap.then.catch.err (/Users/daneCzech/Sites/LunchWithMe/backend/node_modules/sequelize/lib/dialects/mysql/connection-manager.js:141:19)
    at tryCatcher (/Users/daneCzech/Sites/LunchWithMe/backend/node_modules/bluebird/js/release/util.js:16:23)
    at Promise._settlePromiseFromHandler (/Users/daneCzech/Sites/LunchWithMe/backend/node_modules/bluebird/js/release/promise.js:512:31)
    at Promise._settlePromise (/Users/daneCzech/Sites/LunchWithMe/backend/node_modules/bluebird/js/release/promise.js:569:18)
    at Promise._settlePromise0 (/Users/daneCzech/Sites/LunchWithMe/backend/node_modules/bluebird/js/release/promise.js:614:10)
    at Promise._settlePromises (/Users/daneCzech/Sites/LunchWithMe/backend/node_modules/bluebird/js/release/promise.js:689:18)
    at Async._drainQueue (/Users/daneCzech/Sites/LunchWithMe/backend/node_modules/bluebird/js/release/async.js:133:16)
    at Async._drainQueues (/Users/daneCzech/Sites/LunchWithMe/backend/node_modules/bluebird/js/release/async.js:143:10)
    at Immediate.Async.drainQueues (/Users/daneCzech/Sites/LunchWithMe/backend/node_modules/bluebird/js/release/async.js:17:14)
    at runCallback (timers.js:672:20)
    at tryOnImmediate (timers.js:645:5)
    at processImmediate [as _immediateCallback] (timers.js:617:5)[0m

[2017-12-04 09:45:02.400] [WARN] console - [31mUnhandled rejection SequelizeAccessDeniedError: Access denied for user 'root'@'localhost' (using password: NO)
    at Utils.Promise.tap.then.catch.err (/Users/daneCzech/Sites/LunchWithMe/backend/node_modules/sequelize/lib/dialects/mysql/connection-manager.js:141:19)
    at tryCatcher (/Users/daneCzech/Sites/LunchWithMe/backend/node_modules/bluebird/js/release/util.js:16:23)
    at Promise._settlePromiseFromHandler (/Users/daneCzech/Sites/LunchWithMe/backend/node_modules/bluebird/js/release/promise.js:512:31)
    at Promise._settlePromise (/Users/daneCzech/Sites/LunchWithMe/backend/node_modules/bluebird/js/release/promise.js:569:18)
    at Promise._settlePromise0 (/Users/daneCzech/Sites/LunchWithMe/backend/node_modules/bluebird/js/release/promise.js:614:10)
    at Promise._settlePromises (/Users/daneCzech/Sites/LunchWithMe/backend/node_modules/bluebird/js/release/promise.js:689:18)
    at Async._drainQueue (/Users/daneCzech/Sites/LunchWithMe/backend/node_modules/bluebird/js/release/async.js:133:16)
    at Async._drainQueues (/Users/daneCzech/Sites/LunchWithMe/backend/node_modules/bluebird/js/release/async.js:143:10)
    at Immediate.Async.drainQueues (/Users/daneCzech/Sites/LunchWithMe/backend/node_modules/bluebird/js/release/async.js:17:14)
    at runCallback (timers.js:672:20)
    at tryOnImmediate (timers.js:645:5)
    at processImmediate [as _immediateCallback] (timers.js:617:5)[0m

[2017-12-04 09:45:39.883] [INFO] console - Server started on http://localhost:3001!
[2017-12-04 09:45:48.248] [ERROR] console - SequelizeDatabaseError: Unknown column 'place.lat' in 'field list'
    at Query.formatError (/Users/daneCzech/Sites/LunchWithMe/backend/node_modules/sequelize/lib/dialects/mysql/query.js:223:16)
    at Query.connection.query [as onResult] (/Users/daneCzech/Sites/LunchWithMe/backend/node_modules/sequelize/lib/dialects/mysql/query.js:55:23)
    at Query.Command.execute (/Users/daneCzech/Sites/LunchWithMe/backend/node_modules/mysql2/lib/commands/command.js:30:12)
    at Connection.handlePacket (/Users/daneCzech/Sites/LunchWithMe/backend/node_modules/mysql2/lib/connection.js:515:28)
    at PacketParser.onPacket (/Users/daneCzech/Sites/LunchWithMe/backend/node_modules/mysql2/lib/connection.js:94:16)
    at PacketParser.executeStart (/Users/daneCzech/Sites/LunchWithMe/backend/node_modules/mysql2/lib/packet_parser.js:77:14)
    at Socket.<anonymous> (/Users/daneCzech/Sites/LunchWithMe/backend/node_modules/mysql2/lib/connection.js:102:29)
    at emitOne (events.js:96:13)
    at Socket.emit (events.js:188:7)
    at readableAddChunk (_stream_readable.js:176:18)
    at Socket.Readable.push (_stream_readable.js:134:10)
    at TCP.onread (net.js:547:20)
[2017-12-04 09:46:41.155] [INFO] console - Server started on http://localhost:3001!
[2017-12-04 11:31:52.182] [INFO] console - Server started on http://localhost:3001!
[2017-12-04 16:57:56.691] [INFO] console - Server started on http://localhost:3001!
[2017-12-04 17:00:59.583] [ERROR] console - SequelizeValidationError: notNull Violation: organizatorId cannot be null
    at Promise.all.then (/Users/daneCzech/Sites/LunchWithMe/backend/node_modules/sequelize/lib/instance-validator.js:77:15)
    at tryCatcher (/Users/daneCzech/Sites/LunchWithMe/backend/node_modules/bluebird/js/release/util.js:16:23)
    at Promise._settlePromiseFromHandler (/Users/daneCzech/Sites/LunchWithMe/backend/node_modules/bluebird/js/release/promise.js:512:31)
    at Promise._settlePromise (/Users/daneCzech/Sites/LunchWithMe/backend/node_modules/bluebird/js/release/promise.js:569:18)
    at Promise._settlePromise0 (/Users/daneCzech/Sites/LunchWithMe/backend/node_modules/bluebird/js/release/promise.js:614:10)
    at Promise._settlePromises (/Users/daneCzech/Sites/LunchWithMe/backend/node_modules/bluebird/js/release/promise.js:693:18)
    at Promise._fulfill (/Users/daneCzech/Sites/LunchWithMe/backend/node_modules/bluebird/js/release/promise.js:638:18)
    at PromiseArray._resolve (/Users/daneCzech/Sites/LunchWithMe/backend/node_modules/bluebird/js/release/promise_array.js:126:19)
    at PromiseArray._promiseFulfilled (/Users/daneCzech/Sites/LunchWithMe/backend/node_modules/bluebird/js/release/promise_array.js:144:14)
    at Promise._settlePromise (/Users/daneCzech/Sites/LunchWithMe/backend/node_modules/bluebird/js/release/promise.js:574:26)
    at Promise._settlePromise0 (/Users/daneCzech/Sites/LunchWithMe/backend/node_modules/bluebird/js/release/promise.js:614:10)
    at Promise._settlePromises (/Users/daneCzech/Sites/LunchWithMe/backend/node_modules/bluebird/js/release/promise.js:693:18)
    at Async._drainQueue (/Users/daneCzech/Sites/LunchWithMe/backend/node_modules/bluebird/js/release/async.js:133:16)
    at Async._drainQueues (/Users/daneCzech/Sites/LunchWithMe/backend/node_modules/bluebird/js/release/async.js:143:10)
    at Immediate.Async.drainQueues (/Users/daneCzech/Sites/LunchWithMe/backend/node_modules/bluebird/js/release/async.js:17:14)
    at runCallback (timers.js:672:20)
    at tryOnImmediate (timers.js:645:5)
    at processImmediate [as _immediateCallback] (timers.js:617:5)
[2017-12-04 17:04:30.797] [ERROR] console - SequelizeDatabaseError: Incorrect datetime value: 'Invalid date' for column 'timeStart' at row 1
    at Query.formatError (/Users/daneCzech/Sites/LunchWithMe/backend/node_modules/sequelize/lib/dialects/mysql/query.js:223:16)
    at Query.connection.query [as onResult] (/Users/daneCzech/Sites/LunchWithMe/backend/node_modules/sequelize/lib/dialects/mysql/query.js:55:23)
    at Query.Command.execute (/Users/daneCzech/Sites/LunchWithMe/backend/node_modules/mysql2/lib/commands/command.js:30:12)
    at Connection.handlePacket (/Users/daneCzech/Sites/LunchWithMe/backend/node_modules/mysql2/lib/connection.js:515:28)
    at PacketParser.onPacket (/Users/daneCzech/Sites/LunchWithMe/backend/node_modules/mysql2/lib/connection.js:94:16)
    at PacketParser.executeStart (/Users/daneCzech/Sites/LunchWithMe/backend/node_modules/mysql2/lib/packet_parser.js:77:14)
    at Socket.<anonymous> (/Users/daneCzech/Sites/LunchWithMe/backend/node_modules/mysql2/lib/connection.js:102:29)
    at emitOne (events.js:96:13)
    at Socket.emit (events.js:188:7)
    at readableAddChunk (_stream_readable.js:176:18)
    at Socket.Readable.push (_stream_readable.js:134:10)
    at TCP.onread (net.js:547:20)
[2017-12-04 17:21:51.696] [ERROR] console - SequelizeDatabaseError: Incorrect datetime value: 'Invalid date' for column 'timeStart' at row 1
    at Query.formatError (/Users/daneCzech/Sites/LunchWithMe/backend/node_modules/sequelize/lib/dialects/mysql/query.js:223:16)
    at Query.connection.query [as onResult] (/Users/daneCzech/Sites/LunchWithMe/backend/node_modules/sequelize/lib/dialects/mysql/query.js:55:23)
    at Query.Command.execute (/Users/daneCzech/Sites/LunchWithMe/backend/node_modules/mysql2/lib/commands/command.js:30:12)
    at Connection.handlePacket (/Users/daneCzech/Sites/LunchWithMe/backend/node_modules/mysql2/lib/connection.js:515:28)
    at PacketParser.onPacket (/Users/daneCzech/Sites/LunchWithMe/backend/node_modules/mysql2/lib/connection.js:94:16)
    at PacketParser.executeStart (/Users/daneCzech/Sites/LunchWithMe/backend/node_modules/mysql2/lib/packet_parser.js:77:14)
    at Socket.<anonymous> (/Users/daneCzech/Sites/LunchWithMe/backend/node_modules/mysql2/lib/connection.js:102:29)
    at emitOne (events.js:96:13)
    at Socket.emit (events.js:188:7)
    at readableAddChunk (_stream_readable.js:176:18)
    at Socket.Readable.push (_stream_readable.js:134:10)
    at TCP.onread (net.js:547:20)
[2017-12-04 17:26:36.129] [ERROR] console - SequelizeDatabaseError: Incorrect datetime value: 'Invalid date' for column 'timeStart' at row 1
    at Query.formatError (/Users/daneCzech/Sites/LunchWithMe/backend/node_modules/sequelize/lib/dialects/mysql/query.js:223:16)
    at Query.connection.query [as onResult] (/Users/daneCzech/Sites/LunchWithMe/backend/node_modules/sequelize/lib/dialects/mysql/query.js:55:23)
    at Query.Command.execute (/Users/daneCzech/Sites/LunchWithMe/backend/node_modules/mysql2/lib/commands/command.js:30:12)
    at Connection.handlePacket (/Users/daneCzech/Sites/LunchWithMe/backend/node_modules/mysql2/lib/connection.js:515:28)
    at PacketParser.onPacket (/Users/daneCzech/Sites/LunchWithMe/backend/node_modules/mysql2/lib/connection.js:94:16)
    at PacketParser.executeStart (/Users/daneCzech/Sites/LunchWithMe/backend/node_modules/mysql2/lib/packet_parser.js:77:14)
    at Socket.<anonymous> (/Users/daneCzech/Sites/LunchWithMe/backend/node_modules/mysql2/lib/connection.js:102:29)
    at emitOne (events.js:96:13)
    at Socket.emit (events.js:188:7)
    at readableAddChunk (_stream_readable.js:176:18)
    at Socket.Readable.push (_stream_readable.js:134:10)
    at TCP.onread (net.js:547:20)
[2017-12-05 16:21:13.240] [INFO] console - Server started on http://localhost:3001!
